[debug] [2024-07-10T17:05:26.805Z] ----------------------------------------------------------------------
[debug] [2024-07-10T17:05:26.807Z] Command:       C:\Program Files\nodejs\node.exe C:\Users\sai04\AppData\Roaming\npm\node_modules\firebase-tools\lib\bin\firebase.js init
[debug] [2024-07-10T17:05:26.808Z] CLI Version:   13.13.1
[debug] [2024-07-10T17:05:26.808Z] Platform:      win32
[debug] [2024-07-10T17:05:26.808Z] Node Version:  v20.15.0
[debug] [2024-07-10T17:05:26.808Z] Time:          Wed Jul 10 2024 22:35:26 GMT+0530 (India Standard Time)
[debug] [2024-07-10T17:05:26.809Z] ----------------------------------------------------------------------
[debug] 
[debug] [2024-07-10T17:05:26.820Z] > command requires scopes: ["email","openid","https://www.googleapis.com/auth/cloudplatformprojects.readonly","https://www.googleapis.com/auth/firebase","https://www.googleapis.com/auth/cloud-platform"]
[debug] [2024-07-10T17:05:26.820Z] > authorizing via signed-in user (saikumarthota2004@gmail.com)
[info] 
     ######## #### ########  ######## ########     ###     ######  ########
     ##        ##  ##     ## ##       ##     ##  ##   ##  ##       ##
     ######    ##  ########  ######   ########  #########  ######  ######
     ##        ##  ##    ##  ##       ##     ## ##     ##       ## ##
     ##       #### ##     ## ######## ########  ##     ##  ######  ########

You're about to initialize a Firebase project in this directory:

  C:\Users\sai04\Desktop\my-todo-app

[info] 
=== Project Setup
[info] 
[info] First, let's associate this project directory with a Firebase project.
[info] You can create multiple project aliases by running firebase use --add, 
[info] but for now we'll just set up a default project.
[info] 
[info] i  If you want to create a project in a Google Cloud organization or folder, please use "firebase projects:create" instead, and return to this command when you've created the project. 
